<?xml version="1.0" encoding="UTF-8"?>
<!-- Generated by org.testng.reporters.JUnitReportReporter -->
<testsuite hostname="mr-patel1" failures="0" tests="27" name="com.eCommerceAutomation.runner.Runner" time="1293.441" errors="0" timestamp="2025-03-18T11:27:11 IST" skipped="0">
  <testcase classname="com.eCommerceAutomation.runner.Runner" name="runScenario" time="85.717"/>
  <system-out/>
  <testcase classname="com.eCommerceAutomation.runner.Runner" name="runScenario" time="79.419"/>
  <system-out/>
  <testcase classname="com.eCommerceAutomation.runner.Runner" name="runScenario" time="37.682"/>
  <system-out/>
  <testcase classname="com.eCommerceAutomation.runner.Runner" name="runScenario" time="91.435"/>
  <system-out/>
  <testcase classname="com.eCommerceAutomation.runner.Runner" name="runScenario" time="29.588"/>
  <system-out/>
  <testcase classname="com.eCommerceAutomation.runner.Runner" name="runScenario" time="82.588"/>
  <system-out/>
  <testcase classname="com.eCommerceAutomation.runner.Runner" name="runScenario" time="39.621"/>
  <system-out/>
  <testcase classname="com.eCommerceAutomation.runner.Runner" name="runScenario" time="112.574"/>
  <system-out/>
  <testcase classname="com.eCommerceAutomation.runner.Runner" name="runScenario" time="31.703"/>
  <system-out/>
  <testcase classname="com.eCommerceAutomation.runner.Runner" name="runScenario" time="24.476"/>
  <system-out/>
  <testcase classname="com.eCommerceAutomation.runner.Runner" name="runScenario" time="21.399"/>
  <system-out/>
  <testcase classname="com.eCommerceAutomation.runner.Runner" name="runScenario" time="27.957"/>
  <system-out/>
  <testcase classname="com.eCommerceAutomation.runner.Runner" name="runScenario" time="35.194"/>
  <system-out/>
  <testcase classname="com.eCommerceAutomation.runner.Runner" name="runScenario" time="36.308"/>
  <system-out/>
  <testcase classname="com.eCommerceAutomation.runner.Runner" name="runScenario" time="34.303"/>
  <system-out/>
  <testcase classname="com.eCommerceAutomation.runner.Runner" name="runScenario" time="20.864"/>
  <system-out/>
  <testcase classname="com.eCommerceAutomation.runner.Runner" name="runScenario" time="24.647"/>
  <system-out/>
  <testcase classname="com.eCommerceAutomation.runner.Runner" name="runScenario" time="35.820"/>
  <system-out/>
  <testcase classname="com.eCommerceAutomation.runner.Runner" name="runScenario" time="35.456"/>
  <system-out/>
  <testcase classname="com.eCommerceAutomation.runner.Runner" name="runScenario" time="90.672"/>
  <system-out/>
  <testcase classname="com.eCommerceAutomation.runner.Runner" name="runScenario" time="52.394"/>
  <system-out/>
  <testcase classname="com.eCommerceAutomation.runner.Runner" name="runScenario" time="36.558"/>
  <system-out/>
  <testcase classname="com.eCommerceAutomation.runner.Runner" name="runScenario" time="27.502"/>
  <system-out/>
  <testcase classname="com.eCommerceAutomation.runner.Runner" name="runScenario" time="116.972"/>
  <system-out/>
  <testcase classname="com.eCommerceAutomation.runner.Runner" name="runScenario" time="26.719"/>
  <system-out/>
  <testcase classname="com.eCommerceAutomation.runner.Runner" name="runScenario" time="30.881"/>
  <system-out/>
  <testcase classname="com.eCommerceAutomation.runner.Runner" name="runScenario" time="24.992"/>
  <system-out/>
</testsuite> <!-- com.eCommerceAutomation.runner.Runner -->
